TN:
SF:app.js
FN:12,(anonymous_0)
FN:16,(anonymous_1)
FN:21,(anonymous_2)
FN:23,(anonymous_3)
FN:33,(anonymous_4)
FN:45,(anonymous_5)
FN:47,(anonymous_6)
FN:59,(anonymous_7)
FN:61,(anonymous_8)
FN:72,(anonymous_9)
FNF:10
FNH:9
FNDA:0,(anonymous_0)
FNDA:1,(anonymous_1)
FNDA:2,(anonymous_2)
FNDA:1,(anonymous_3)
FNDA:1,(anonymous_4)
FNDA:1,(anonymous_5)
FNDA:1,(anonymous_6)
FNDA:1,(anonymous_7)
FNDA:1,(anonymous_8)
FNDA:1,(anonymous_9)
DA:1,1
DA:2,1
DA:3,1
DA:6,1
DA:9,1
DA:12,1
DA:13,0
DA:16,1
DA:17,1
DA:21,1
DA:22,2
DA:23,2
DA:25,2
DA:26,1
DA:28,1
DA:33,1
DA:34,1
DA:40,1
DA:41,1
DA:45,1
DA:46,1
DA:47,1
DA:49,1
DA:50,1
DA:51,1
DA:52,1
DA:54,0
DA:59,1
DA:60,1
DA:61,1
DA:63,1
DA:64,1
DA:65,1
DA:67,0
DA:72,1
DA:73,1
DA:75,1
LF:37
LH:34
BRDA:25,0,0,1
BRDA:25,0,1,1
BRDA:49,1,0,1
BRDA:49,1,1,0
BRDA:50,2,0,1
BRDA:50,2,1,0
BRDA:51,3,0,1
BRDA:51,3,1,0
BRDA:63,4,0,1
BRDA:63,4,1,0
BRF:10
BRH:6
end_of_record
